TN:
SF:src\events\payments.js
FN:2,Payment
FN:6,creditCard
FNF:2
FNH:0
FNDA:0,Payment
FNDA:0,creditCard
DA:1,1
DA:2,1
DA:3,0
DA:4,0
DA:5,1
DA:6,1
DA:7,0
DA:8,0
DA:9,0
DA:10,1
LF:10
LH:5
BRF:0
BRH:0
end_of_record
TN:
SF:src\observers\marketing.js
FN:2,update
FNF:1
FNH:0
FNDA:0,update
DA:1,1
DA:2,1
DA:3,0
DA:4,0
DA:5,0
DA:6,0
DA:7,0
DA:8,0
DA:9,0
DA:10,0
DA:11,0
DA:12,1
LF:12
LH:3
BRF:0
BRH:0
end_of_record
TN:
SF:src\observers\shipment.js
FN:2,update
FNF:1
FNH:0
FNDA:0,update
DA:1,1
DA:2,1
DA:3,0
DA:4,0
DA:5,1
LF:5
LH:3
BRF:0
BRH:0
end_of_record
TN:
SF:src\subjects\paymentSubject.js
FN:1,<instance_members_initializer>
FN:5,notify
FN:10,unsubscribe
FN:14,subscribe
FNF:4
FNH:3
FNDA:1,<instance_members_initializer>
FNDA:1,notify
FNDA:0,unsubscribe
FNDA:1,subscribe
DA:1,1
DA:2,1
DA:3,1
DA:4,1
DA:5,1
DA:6,1
DA:7,1
DA:8,1
DA:9,1
DA:10,1
DA:11,0
DA:12,0
DA:13,1
DA:14,1
DA:15,1
DA:16,1
DA:17,1
LF:17
LH:15
BRDA:1,0,0,1
BRDA:5,1,0,1
BRDA:6,2,0,1
BRDA:14,3,0,1
BRF:4
BRH:4
end_of_record
